# JRE version: Java(TM) SE Runtime Environment (8.0_321-b07) (build 1.8.0_321-b07)
# Java VM: Java HotSpot(TM) 64-Bit Server VM (25.321-b07 mixed mode windows-amd64 compressed oops)
Heap:
 PSYoungGen      total 82432K, used 61769K [0x0000000780980000, 0x0000000787880000, 0x00000007c0000000)
  eden space 75264K, 72% used [0x0000000780980000,0x0000000783ee5698,0x0000000785300000)
  from space 7168K, 98% used [0x0000000787180000,0x000000078786d0c0,0x0000000787880000)
  to   space 8192K, 0% used [0x0000000786880000,0x0000000786880000,0x0000000787080000)
 ParOldGen       total 80896K, used 7522K [0x0000000701c00000, 0x0000000706b00000, 0x0000000780980000)
  object space 80896K, 9% used [0x0000000701c00000,0x0000000702358a50,0x0000000706b00000)
 Metaspace       used 29442K, capacity 31700K, committed 31872K, reserved 1077248K
  class space    used 3978K, capacity 4395K, committed 4480K, reserved 1048576K
GC Heap History (10 events):
Event: 1.852 GC heap before
{Heap before GC invocations=1 (full 0):
 PSYoungGen      total 57344K, used 49152K [0x0000000780980000, 0x0000000784980000, 0x00000007c0000000)
  eden space 49152K, 100% used [0x0000000780980000,0x0000000783980000,0x0000000783980000)
  from space 8192K, 0% used [0x0000000784180000,0x0000000784180000,0x0000000784980000)
  to   space 8192K, 0% used [0x0000000783980000,0x0000000783980000,0x0000000784180000)
 ParOldGen       total 131072K, used 0K [0x0000000701c00000, 0x0000000709c00000, 0x0000000780980000)
  object space 131072K, 0% used [0x0000000701c00000,0x0000000701c00000,0x0000000709c00000)
 Metaspace       used 12595K, capacity 12976K, committed 13312K, reserved 1060864K
  class space    used 1573K, capacity 1667K, committed 1792K, reserved 1048576K
Event: 1.863 GC heap after
Heap after GC invocations=1 (full 0):
 PSYoungGen      total 57344K, used 6907K [0x0000000780980000, 0x0000000784980000, 0x00000007c0000000)
  eden space 49152K, 0% used [0x0000000780980000,0x0000000780980000,0x0000000783980000)
  from space 8192K, 84% used [0x0000000783980000,0x000000078403eca0,0x0000000784180000)
  to   space 8192K, 0% used [0x0000000784180000,0x0000000784180000,0x0000000784980000)
 ParOldGen       total 131072K, used 16K [0x0000000701c00000, 0x0000000709c00000, 0x0000000780980000)
  object space 131072K, 0% used [0x0000000701c00000,0x0000000701c04000,0x0000000709c00000)
 Metaspace       used 12595K, capacity 12976K, committed 13312K, reserved 1060864K
  class space    used 1573K, capacity 1667K, committed 1792K, reserved 1048576K
}
Event: 2.403 GC heap before
{Heap before GC invocations=2 (full 0):
 PSYoungGen      total 57344K, used 56059K [0x0000000780980000, 0x0000000784980000, 0x00000007c0000000)
  eden space 49152K, 100% used [0x0000000780980000,0x0000000783980000,0x0000000783980000)
  from space 8192K, 84% used [0x0000000783980000,0x000000078403eca0,0x0000000784180000)
  to   space 8192K, 0% used [0x0000000784180000,0x0000000784180000,0x0000000784980000)
 ParOldGen       total 131072K, used 16K [0x0000000701c00000, 0x0000000709c00000, 0x0000000780980000)
  object space 131072K, 0% used [0x0000000701c00000,0x0000000701c04000,0x0000000709c00000)
 Metaspace       used 18567K, capacity 19390K, committed 19584K, reserved 1067008K
  class space    used 2432K, capacity 2624K, committed 2688K, reserved 1048576K
Event: 2.412 GC heap after
Heap after GC invocations=2 (full 0):
 PSYoungGen      total 57344K, used 8174K [0x0000000780980000, 0x0000000784980000, 0x00000007c0000000)
  eden space 49152K, 0% used [0x0000000780980000,0x0000000780980000,0x0000000783980000)
  from space 8192K, 99% used [0x0000000784180000,0x000000078497b8a8,0x0000000784980000)
  to   space 8192K, 0% used [0x0000000783980000,0x0000000783980000,0x0000000784180000)
 ParOldGen       total 131072K, used 1216K [0x0000000701c00000, 0x0000000709c00000, 0x0000000780980000)
  object space 131072K, 0% used [0x0000000701c00000,0x0000000701d301c0,0x0000000709c00000)
 Metaspace       used 18567K, capacity 19390K, committed 19584K, reserved 1067008K
  class space    used 2432K, capacity 2624K, committed 2688K, reserved 1048576K
}
Event: 2.771 GC heap before
{Heap before GC invocations=3 (full 0):
 PSYoungGen      total 57344K, used 44495K [0x0000000780980000, 0x0000000784980000, 0x00000007c0000000)
  eden space 49152K, 73% used [0x0000000780980000,0x0000000782cf84e8,0x0000000783980000)
  from space 8192K, 99% used [0x0000000784180000,0x000000078497b8a8,0x0000000784980000)
  to   space 8192K, 0% used [0x0000000783980000,0x0000000783980000,0x0000000784180000)
 ParOldGen       total 131072K, used 1216K [0x0000000701c00000, 0x0000000709c00000, 0x0000000780980000)
  object space 131072K, 0% used [0x0000000701c00000,0x0000000701d301c0,0x0000000709c00000)
 Metaspace       used 20218K, capacity 21212K, committed 21296K, reserved 1067008K
  class space    used 2678K, capacity 2921K, committed 2944K, reserved 1048576K
Event: 2.776 GC heap after
Heap after GC invocations=3 (full 0):
 PSYoungGen      total 57344K, used 7728K [0x0000000780980000, 0x0000000787980000, 0x00000007c0000000)
  eden space 49152K, 0% used [0x0000000780980000,0x0000000780980000,0x0000000783980000)
  from space 8192K, 94% used [0x0000000783980000,0x000000078410c3f0,0x0000000784180000)
  to   space 8192K, 0% used [0x0000000787180000,0x0000000787180000,0x0000000787980000)
 ParOldGen       total 131072K, used 1232K [0x0000000701c00000, 0x0000000709c00000, 0x0000000780980000)
  object space 131072K, 0% used [0x0000000701c00000,0x0000000701d341c0,0x0000000709c00000)
 Metaspace       used 20218K, capacity 21212K, committed 21296K, reserved 1067008K
  class space    used 2678K, capacity 2921K, committed 2944K, reserved 1048576K
}
Event: 2.776 GC heap before
{Heap before GC invocations=4 (full 1):
 PSYoungGen      total 57344K, used 7728K [0x0000000780980000, 0x0000000787980000, 0x00000007c0000000)
  eden space 49152K, 0% used [0x0000000780980000,0x0000000780980000,0x0000000783980000)
  from space 8192K, 94% used [0x0000000783980000,0x000000078410c3f0,0x0000000784180000)
  to   space 8192K, 0% used [0x0000000787180000,0x0000000787180000,0x0000000787980000)
 ParOldGen       total 131072K, used 1232K [0x0000000701c00000, 0x0000000709c00000, 0x0000000780980000)
  object space 131072K, 0% used [0x0000000701c00000,0x0000000701d341c0,0x0000000709c00000)
 Metaspace       used 20218K, capacity 21212K, committed 21296K, reserved 1067008K
  class space    used 2678K, capacity 2921K, committed 2944K, reserved 1048576K
Event: 2.802 GC heap after
Heap after GC invocations=4 (full 1):
 PSYoungGen      total 57344K, used 0K [0x0000000780980000, 0x0000000787980000, 0x00000007c0000000)
  eden space 49152K, 0% used [0x0000000780980000,0x0000000780980000,0x0000000783980000)
  from space 8192K, 0% used [0x0000000783980000,0x0000000783980000,0x0000000784180000)
  to   space 8192K, 0% used [0x0000000787180000,0x0000000787180000,0x0000000787980000)
 ParOldGen       total 80896K, used 7514K [0x0000000701c00000, 0x0000000706b00000, 0x0000000780980000)
  object space 80896K, 9% used [0x0000000701c00000,0x0000000702356a50,0x0000000706b00000)
 Metaspace       used 20218K, capacity 21212K, committed 21296K, reserved 1067008K
  class space    used 2678K, capacity 2921K, committed 2944K, reserved 1048576K
}
Event: 3.550 GC heap before
{Heap before GC invocations=5 (full 1):
 PSYoungGen      total 57344K, used 49152K [0x0000000780980000, 0x0000000787980000, 0x00000007c0000000)
  eden space 49152K, 100% used [0x0000000780980000,0x0000000783980000,0x0000000783980000)
  from space 8192K, 0% used [0x0000000783980000,0x0000000783980000,0x0000000784180000)
  to   space 8192K, 0% used [0x0000000787180000,0x0000000787180000,0x0000000787980000)
 ParOldGen       total 80896K, used 7514K [0x0000000701c00000, 0x0000000706b00000, 0x0000000780980000)
  object space 80896K, 9% used [0x0000000701c00000,0x0000000702356a50,0x0000000706b00000)
 Metaspace       used 25528K, capacity 27188K, committed 27392K, reserved 1073152K
  class space    used 3407K, capacity 3732K, committed 3840K, reserved 1048576K
Event: 3.556 GC heap after
Heap after GC invocations=5 (full 1):
 PSYoungGen      total 82432K, used 7092K [0x0000000780980000, 0x0000000787880000, 0x00000007c0000000)
  eden space 75264K, 0% used [0x0000000780980000,0x0000000780980000,0x0000000785300000)
  from space 7168K, 98% used [0x0000000787180000,0x000000078786d0c0,0x0000000787880000)
  to   space 8192K, 0% used [0x0000000786880000,0x0000000786880000,0x0000000787080000)
 ParOldGen       total 80896K, used 7522K [0x0000000701c00000, 0x0000000706b00000, 0x0000000780980000)
  object space 80896K, 9% used [0x0000000701c00000,0x0000000702358a50,0x0000000706b00000)
 Metaspace       used 25528K, capacity 27188K, committed 27392K, reserved 1073152K
  class space    used 3407K, capacity 3732K, committed 3840K, reserved 1048576K
}

